#
# There is insufficient memory for the Java Runtime Environment to continue.
# Native memory allocation (mmap) failed to map 335544320 bytes for G1 virtual space
# Possible reasons:
#   The system is out of physical RAM or swap space
#   The process is running with CompressedOops enabled, and the Java Heap may be blocking the growth of the native heap
# Possible solutions:
#   Reduce memory load on the system
#   Increase physical memory or swap space
#   Check if swap backing store is full
#   Decrease Java heap size (-Xmx/-Xms)
#   Decrease number of Java threads
#   Decrease Java thread stack sizes (-Xss)
#   Set larger code cache with -XX:ReservedCodeCacheSize=
#   JVM is running with Zero Based Compressed Oops mode in which the Java heap is
#     placed in the first 32GB address space. The Java Heap base address is the
#     maximum limit for the native heap growth. Please use -XX:HeapBaseMinAddress
#     to set the Java Heap base and to place the Java Heap above 32GB virtual address.
# This output file may be truncated or incomplete.
#
#  Out of Memory Error (os_windows.cpp:3559), pid=27108, tid=25352
#
# JRE version:  (17.0.7+7) (build )
# Java VM: OpenJDK 64-Bit Server VM (17.0.7+7-LTS, mixed mode, sharing, tiered, compressed oops, compressed class ptrs, g1 gc, windows-amd64)
# No core dump will be written. Minidumps are not enabled by default on client versions of Windows
#

---------------  S U M M A R Y ------------

Command Line: org.jetbrains.kotlin.cli.jvm.K2JVMCompiler @E:\meus cursos\bootcamp-tqi\credit-system\credit-application-system\build\20231025_6105186504338609905.compiler.options

Host: Intel(R) Core(TM) i7-8565U CPU @ 1.80GHz, 8 cores, 19G,  Windows 11 , 64 bit Build 22621 (10.0.22621.2428)
Time: Wed Oct 25 12:43:56 2023 Hora oficial do Brasil elapsed time: 0.018959 seconds (0d 0h 0m 0s)

---------------  T H R E A D  ---------------

Current thread (0x000001eed7100d90):  JavaThread "Unknown thread" [_thread_in_vm, id=25352, stack(0x000000ca6f400000,0x000000ca6f500000)]

Stack: [0x000000ca6f400000,0x000000ca6f500000]
Native frames: (J=compiled Java code, j=interpreted, Vv=VM code, C=native code)
V  [jvm.dll+0x64b53a]
V  [jvm.dll+0x7fef54]
V  [jvm.dll+0x80070e]
V  [jvm.dll+0x800d63]
V  [jvm.dll+0x236a2b]
V  [jvm.dll+0x64843a]
V  [jvm.dll+0x63ce8a]
V  [jvm.dll+0x2f5629]
V  [jvm.dll+0x2fc826]
V  [jvm.dll+0x348eea]
V  [jvm.dll+0x34912f]
V  [jvm.dll+0x2cb9a8]
V  [jvm.dll+0x2cc939]
V  [jvm.dll+0x7d2cd1]
V  [jvm.dll+0x3563c1]
V  [jvm.dll+0x7b32ae]
V  [jvm.dll+0x3d38d3]
V  [jvm.dll+0x3d52c1]
C  [jli.dll+0x51bf]
C  [ucrtbase.dll+0x29363]
C  [KERNEL32.DLL+0x1257d]
C  [ntdll.dll+0x5aa78]


---------------  P R O C E S S  ---------------

Threads class SMR info:
_java_thread_list=0x00007ffce6e9c858, length=0, elements={
}

Java Threads: ( => current thread )

Other Threads:
  0x000001eed717a220 GCTaskThread "GC Thread#0" [stack: 0x000000ca6f500000,0x000000ca6f600000] [id=9160]
  0x000001eed7185070 ConcurrentGCThread "G1 Main Marker" [stack: 0x000000ca6f600000,0x000000ca6f700000] [id=21832]
  0x000001eed7185a80 ConcurrentGCThread "G1 Conc#0" [stack: 0x000000ca6f700000,0x000000ca6f800000] [id=27548]

[error occurred during error reporting (printing all threads), id 0xc0000005, EXCEPTION_ACCESS_VIOLATION (0xc0000005) at pc=0x00007ffce668cc47]

VM state: not at safepoint (not fully initialized)

VM Mutex/Monitor currently owned by a thread:  ([mutex/lock_event])
[0x000001eed70fc8c0] Heap_lock - owner thread: 0x000001eed7100d90

Heap address: 0x00000006c1c00000, size: 5092 MB, Compressed Oops mode: Zero based, Oop shift amount: 3

CDS archive(s) mapped at: [0x0000000000000000-0x0000000000000000-0x0000000000000000), size 0, SharedBaseAddress: 0x0000000800000000, ArchiveRelocationMode: 0.
Narrow klass base: 0x0000000000000000, Narrow klass shift: 0, Narrow klass range: 0x0

GC Precious Log:
<Empty>

Heap:
 garbage-first heap   total 0K, used 0K [0x00000006c1c00000, 0x0000000800000000)
  region size 4096K, 0 young (0K), 0 survivors (0K)

[error occurred during error reporting (printing heap information), id 0xc0000005, EXCEPTION_ACCESS_VIOLATION (0xc0000005) at pc=0x00007ffce6a53419]

GC Heap History (0 events):
No events

Dll operation events (1 events):
Event: 0.011 Loaded shared library C:\Users\lyusk\.jdks\corretto-17.0.7\bin\java.dll

Deoptimization events (0 events):
No events

Classes unloaded (0 events):
No events

Classes redefined (0 events):
No events

Internal exceptions (0 events):
No events

VM Operations (0 events):
No events

Events (0 events):
No events


Dynamic libraries:
0x00007ff686e00000 - 0x00007ff686e0d000 	C:\Users\lyusk\.jdks\corretto-17.0.7\bin\java.exe
0x00007ffd4abd0000 - 0x00007ffd4ade7000 	C:\WINDOWS\SYSTEM32\ntdll.dll
0x00007ffd48cd0000 - 0x00007ffd48d94000 	C:\WINDOWS\System32\KERNEL32.DLL
0x00007ffd483c0000 - 0x00007ffd48766000 	C:\WINDOWS\System32\KERNELBASE.dll
0x00007ffd487a0000 - 0x00007ffd488b1000 	C:\WINDOWS\System32\ucrtbase.dll
0x00007ffd417e0000 - 0x00007ffd417f7000 	C:\Users\lyusk\.jdks\corretto-17.0.7\bin\jli.dll
0x00007ffd35a50000 - 0x00007ffd35a65000 	C:\Users\lyusk\.jdks\corretto-17.0.7\bin\VCRUNTIME140.dll
0x00007ffd493c0000 - 0x00007ffd4956d000 	C:\WINDOWS\System32\USER32.dll
0x00007ffd48770000 - 0x00007ffd48796000 	C:\WINDOWS\System32\win32u.dll
0x00007ffd1e2c0000 - 0x00007ffd1e553000 	C:\WINDOWS\WinSxS\amd64_microsoft.windows.common-controls_6595b64144ccf1df_6.0.22621.2361_none_2712ced57382f843\COMCTL32.dll
0x00007ffd4ab60000 - 0x00007ffd4ab89000 	C:\WINDOWS\System32\GDI32.dll
0x00007ffd480c0000 - 0x00007ffd481d8000 	C:\WINDOWS\System32\gdi32full.dll
0x00007ffd48320000 - 0x00007ffd483ba000 	C:\WINDOWS\System32\msvcp_win.dll
0x00007ffd49020000 - 0x00007ffd490c7000 	C:\WINDOWS\System32\msvcrt.dll
0x00007ffd48a30000 - 0x00007ffd48a61000 	C:\WINDOWS\System32\IMM32.DLL
0x00007ffd23020000 - 0x00007ffd230bb000 	C:\Users\lyusk\.jdks\corretto-17.0.7\bin\msvcp140.dll
0x00007ffce63b0000 - 0x00007ffce6fca000 	C:\Users\lyusk\.jdks\corretto-17.0.7\bin\server\jvm.dll
0x00007ffd4a630000 - 0x00007ffd4a6e0000 	C:\WINDOWS\System32\ADVAPI32.dll
0x00007ffd48b70000 - 0x00007ffd48c16000 	C:\WINDOWS\System32\sechost.dll
0x00007ffd48da0000 - 0x00007ffd48eb7000 	C:\WINDOWS\System32\RPCRT4.dll
0x00007ffd40880000 - 0x00007ffd408b4000 	C:\WINDOWS\SYSTEM32\WINMM.dll
0x00007ffd3cde0000 - 0x00007ffd3cdea000 	C:\WINDOWS\SYSTEM32\VERSION.dll
0x00007ffd42070000 - 0x00007ffd42079000 	C:\WINDOWS\SYSTEM32\WSOCK32.dll
0x00007ffd48f10000 - 0x00007ffd48f81000 	C:\WINDOWS\System32\WS2_32.dll
0x00007ffd46fe0000 - 0x00007ffd46ff8000 	C:\WINDOWS\SYSTEM32\kernel.appcore.dll
0x00007ffd45250000 - 0x00007ffd4525a000 	C:\Users\lyusk\.jdks\corretto-17.0.7\bin\jimage.dll
0x00007ffd42480000 - 0x00007ffd426ae000 	C:\WINDOWS\SYSTEM32\DBGHELP.DLL
0x00007ffd4a200000 - 0x00007ffd4a58a000 	C:\WINDOWS\System32\combase.dll
0x00007ffd49130000 - 0x00007ffd49207000 	C:\WINDOWS\System32\OLEAUT32.dll
0x00007ffd3c780000 - 0x00007ffd3c7b2000 	C:\WINDOWS\SYSTEM32\dbgcore.DLL
0x00007ffd482a0000 - 0x00007ffd4831a000 	C:\WINDOWS\System32\bcryptPrimitives.dll
0x00007ffd356e0000 - 0x00007ffd35705000 	C:\Users\lyusk\.jdks\corretto-17.0.7\bin\java.dll

dbghelp: loaded successfully - version: 4.0.5 - missing functions: none
symbol engine: initialized successfully - sym options: 0x614 - pdb path: .;C:\Users\lyusk\.jdks\corretto-17.0.7\bin;C:\WINDOWS\SYSTEM32;C:\WINDOWS\WinSxS\amd64_microsoft.windows.common-controls_6595b64144ccf1df_6.0.22621.2361_none_2712ced57382f843;C:\Users\lyusk\.jdks\corretto-17.0.7\bin\server

VM Arguments:
java_command: org.jetbrains.kotlin.cli.jvm.K2JVMCompiler @E:\meus cursos\bootcamp-tqi\credit-system\credit-application-system\build\20231025_6105186504338609905.compiler.options
java_class_path (initial): C:\Users\lyusk\.gradle\caches\modules-2\files-2.1\org.jetbrains.kotlin\kotlin-compiler-embeddable\1.8.22\e2cf111da088dc807a74157741b4cd4b664edfb7\kotlin-compiler-embeddable-1.8.22.jar;C:\Users\lyusk\.gradle\caches\modules-2\files-2.1\org.jetbrains.kotlin\kotlin-stdlib\1.8.22\636bf8b320e7627482771bbac9ed7246773c02bd\kotlin-stdlib-1.8.22.jar;C:\Users\lyusk\.gradle\caches\modules-2\files-2.1\org.jetbrains.kotlin\kotlin-script-runtime\1.8.22\ce5ff1f309623f8c1be5143bdba032c4a04cec3a\kotlin-script-runtime-1.8.22.jar;C:\Users\lyusk\.gradle\caches\modules-2\files-2.1\org.jetbrains.kotlin\kotlin-reflect\1.8.22\b52be44bc57cb6fd2169a29aefa4507c4e49c858\kotlin-reflect-1.8.22.jar;C:\Users\lyusk\.gradle\caches\modules-2\files-2.1\org.jetbrains.kotlin\kotlin-daemon-embeddable\1.8.22\7d9f7e06a59d2fcbc9b373400c146f42fd722e81\kotlin-daemon-embeddable-1.8.22.jar;C:\Users\lyusk\.gradle\caches\modules-2\files-2.1\org.jetbrains.intellij.deps\trove4j\1.0.20200330\3afb14d5f9ceb459d724e907a21145e8ff394f02\trove4j-1.0.20200330.jar;C:\Users\lyusk\.gradle\caches\modules-2\files-2.1\net.java.dev.jna\jna\5.6.0\330f2244e9030119ab3030fc3fededc86713d9cc\jna-5.6.0.jar;C:\Users\lyusk\.gradle\caches\modules-2\files-2.1\org.jetbrains.kotlin\kotlin-stdlib-common\1.8.22\1a8e3601703ae14bb58757ea6b2d8e8e5935a586\kotlin-stdlib-common-1.8.22.jar;C:\Users\lyusk\.gradle\caches\modules-2\files-2.1\org.jetbrains\annotations\13.0\919f0dfe192fb4e063e7dacadee7f8bb9a2672a9\annotations-13.0.jar
Launcher Type: SUN_STANDARD

[Global flags]
     intx CICompilerCount                          = 4                                         {product} {ergonomic}
     uint ConcGCThreads                            = 2                                         {product} {ergonomic}
     uint G1ConcRefinementThreads                  = 8                                         {product} {ergonomic}
   size_t G1HeapRegionSize                         = 4194304                                   {product} {ergonomic}
    uintx GCDrainStackTargetSize                   = 64                                        {product} {ergonomic}
   size_t InitialHeapSize                          = 335544320                                 {product} {ergonomic}
   size_t MarkStackSize                            = 4194304                                   {product} {ergonomic}
   size_t MaxHeapSize                              = 5339348992                                {product} {ergonomic}
   size_t MinHeapDeltaBytes                        = 4194304                                   {product} {ergonomic}
   size_t MinHeapSize                              = 8388608                                   {product} {ergonomic}
    uintx NonNMethodCodeHeapSize                   = 5839372                                {pd product} {ergonomic}
    uintx NonProfiledCodeHeapSize                  = 122909434                              {pd product} {ergonomic}
    uintx ProfiledCodeHeapSize                     = 122909434                              {pd product} {ergonomic}
    uintx ReservedCodeCacheSize                    = 251658240                              {pd product} {ergonomic}
     bool SegmentedCodeCache                       = true                                      {product} {ergonomic}
   size_t SoftMaxHeapSize                          = 5339348992                             {manageable} {ergonomic}
     bool UseCompressedClassPointers               = true                           {product lp64_product} {ergonomic}
     bool UseCompressedOops                        = true                           {product lp64_product} {ergonomic}
     bool UseG1GC                                  = true                                      {product} {ergonomic}
     bool UseLargePagesIndividualAllocation        = false                                  {pd product} {ergonomic}

Logging:
Log output configuration:
 #0: stdout all=warning uptime,level,tags
 #1: stderr all=off uptime,level,tags

Environment Variables:
PATH=C:\Program Files\Common Files\Oracle\Java\javapath;C:\WINDOWS\system32;C:\WINDOWS;C:\WINDOWS\System32\Wbem;C:\WINDOWS\System32\WindowsPowerShell\v1.0\;C:\WINDOWS\System32\OpenSSH\;C:\Program Files\Git\cmd;C:\Program Files\nodejs\;C:\Program Files\Docker\Docker\resources\bin;E:\devtools\apache-maven-3.9.5\bin;C:\Users\lyusk\AppData\Local\Microsoft\WindowsApps;;C:\Program Files\JetBrains\IntelliJ IDEA 2023.1\bin;;C:\Users\lyusk\AppData\Local\Programs\Microsoft VS Code\bin;C:\Users\lyusk\AppData\Roaming\npm
USERNAME=lyusk
OS=Windows_NT
PROCESSOR_IDENTIFIER=Intel64 Family 6 Model 142 Stepping 12, GenuineIntel
TMP=C:\Users\lyusk\AppData\Local\Temp
TEMP=C:\Users\lyusk\AppData\Local\Temp



---------------  S Y S T E M  ---------------

OS:
 Windows 11 , 64 bit Build 22621 (10.0.22621.2428)
OS uptime: 13 days 20:35 hours
Hyper-V role detected

CPU: total 8 (initial active 8) (4 cores per cpu, 2 threads per core) family 6 model 142 stepping 12 microcode 0xde, cx8, cmov, fxsr, ht, mmx, 3dnowpref, sse, sse2, sse3, ssse3, sse4.1, sse4.2, popcnt, lzcnt, tsc, tscinvbit, avx, avx2, aes, erms, clmul, bmi1, bmi2, adx, fma, vzeroupper, clflush, clflushopt, hv

Memory: 4k page, system-wide physical 20360M (2648M free)
TotalPageFile size 34001M (AvailPageFile size 305M)
current process WorkingSet (physical memory assigned to process): 11M, peak: 11M
current process commit charge ("private bytes"): 60M, peak: 380M

vm_info: OpenJDK 64-Bit Server VM (17.0.7+7-LTS) for windows-amd64 JRE (17.0.7+7-LTS), built on Apr 14 2023 01:39:21 by "Administrator" with MS VC++ 15.9 (VS2017)

END.
